<?xml version="1.0" encoding="UTF-8"?>
<testsuite name="ZeffitTest" tests="5" skipped="0" failures="0" errors="0" timestamp="2024-03-14T20:06:07" hostname="Hafsahs-MacBook-Air.local" time="0.012">
  <properties/>
  <testcase name="[1] test isBlue" classname="ZeffitTest" time="0.005"/>
  <testcase name="[1] test isDead" classname="ZeffitTest" time="0.001"/>
  <testcase name="[1] test isRed" classname="ZeffitTest" time="0.001"/>
  <testcase name="[1] test isHitFree" classname="ZeffitTest" time="0.0"/>
  <testcase name="[1] test isGreen" classname="ZeffitTest" time="0.0"/>
  <system-out><![CDATA[]]></system-out>
  <system-err><![CDATA[]]></system-err>
</testsuite>
