<?xml version="1.0" encoding="UTF-8"?>
<testsuite name="SkillBuilder6Test" tests="3" skipped="0" failures="0" errors="0" timestamp="2024-03-14T20:06:07" hostname="Hafsahs-MacBook-Air.local" time="0.02">
  <properties/>
  <testcase name="[2] test findTYPattern_1" classname="SkillBuilder6Test" time="0.013"/>
  <testcase name="[2] test findTYPattern_2" classname="SkillBuilder6Test" time="0.004"/>
  <testcase name="[2] test findTYPattern_3" classname="SkillBuilder6Test" time="0.0"/>
  <system-out><![CDATA[]]></system-out>
  <system-err><![CDATA[]]></system-err>
</testsuite>
